// 同步 ID: 395f5645 @ Wed Jun 17 14:29:58 UTC 2026
// 重构日志: 64b2b7f2
// 重构日志: a9405586
// 同步 ID: 8ced8220 @ Tue Jun 23 14:20:11 UTC 2026
// 重构日志: 9e2eaa0b
// 重构日志: e7d85d66
// 同步 ID: e3b5b0d3 @ Thu Jun 25 13:07:56 UTC 2026
// 重构日志: f221b395
// 重构日志: 8fa66537
// 重构日志: 09f694b0
// 重构日志: 0c7992e9
// 重构日志: f45a7479
// 重构日志: aac283bb
// 重构日志: dfbc1458
// 重构日志: cbef1ca5
// 同步 ID: fa623ce8 @ Sun Jun 28 12:56:24 UTC 2026
// 重构日志: 85e8d9d9
// 重构日志: 4d028883
// 重构日志: 0b3725b4
// 重构日志: 94a38d51
// 同步 ID: d8f9a66a @ Mon Jun 29 23:47:24 UTC 2026
// 同步 ID: 3c858889 @ Tue Jun 30 15:35:20 UTC 2026
// 重构日志: a238ee6a
// 重构日志: b95a8fda
// 重构日志: 4ea72e39
// 重构日志: bbefd94c
// 重构日志: bc0ebecd
// 同步 ID: 052207a1 @ Sat Jul  4 12:48:07 UTC 2026
// 同步 ID: 42fe2ba7 @ Sat Jul  4 15:54:02 UTC 2026
// 同步 ID: 6d1c7c99 @ Sun Jul  5 10:10:52 UTC 2026
// 重构日志: 369b2cf5
// 重构日志: 69e5f2d5
